{"message":"servidor prendido","level":"info"}
info: servidor prendido
[2021-01-07T20:22:02.518Z] info servidor prendido
[2021-01-07T20:22:37.436Z] info servidor prendido
[2021-01-07T20:22:40.418Z] info 1022441253
[2021-01-07T20:23:34.893Z] info servidor prendido
[2021-01-07T20:23:38.475Z] info [object Object]
[2021-01-07T20:23:44.360Z] info servidor prendido
[2021-01-07T20:23:45.564Z] info [object Object]
[2021-01-07T20:24:41.930Z] info servidor prendido
[2021-01-07T20:24:43.198Z] info -----BEGIN RSA PRIVATE KEY-----MIICWwIBAAKBgFziZlz1VnGhqISYCoKet7ED8pEJU5Y3XoZ7Pep8LCFUlKZ+bZTmgq4gawbpVtUCMJlTIDyQcT2zlzyBDLbBPgsDdEw868F9TioOjbQ+l6dfrXIuaRR3n8+IKEx2NIP0HtwtIjwKNv1nhbmEttYau/fAtxi/Xvw2mmAXi+e3kFJPAgMBAAECgYARcIzJrWLSqQisBKQMjGJvAQ+9PaQNE05TL7abXT8n7uqOLDTE/VbR/NI7lPoxulyHnTzzQieQ7zRZLt3FPpk4W612W35aoiusLMY9Tl9+IJTJH/fJWoVTOT6jplljLL87t1R0gbl6a1/8n4hp1X6+qAJxlG3KvEKNU3bxhUhamQJBALGG3qpOTyvS0vp+pkyxPjvV8VwplMu27klS469uByPpIVJ6UVYGbgWhGzUsaPVKmEIEoEbk9mj2VfL3RVBfIDsCQQCF8UwEEXiMeiWogu8kNapnAC6l/6SSiOnuDWrWG4aRXyRiRviTptS6Hd9gZENfZG3wObrBrh0lGN2kQKWPiOj9AkEArshmua5X7IGpDs9a0+89opPFCkQ2J0t31+EwIixmA0kocZfUNKon8IrpyrRqsfY7aeQ8GRCcOkMt5ATnzXWauQJAHvcU2s/rLZbDg/yZKqbZeSx6nFfIhTPv2N/zNgJxDsSPFcVQjFoCTfDABnnHdZMzM1k1Srdk94GTI/jqDY/aRQJASk5i1+D7TWL0YcwWE1wi+rMC1YgBdqJYFjKQF5sy0IbZmkCSJbrZ2RpFY2voX9ZBip8c1O7A4oXn8RvvRbimAA==-----END RSA PRIVATE KEY-----
[2021-01-07T20:25:46.651Z] info servidor prendido
[2021-01-07T20:25:48.556Z] info la cedula original es 1022441253
[2021-01-07T20:28:51.120Z] info servidor prendido
[2021-01-07T20:28:55.765Z] info servidor prendido
[2021-01-07T20:29:07.135Z] info la cedula original es 1022441253654564
[2021-01-07T20:29:23.967Z] info servidor prendido
[2021-01-07T20:29:43.162Z] info servidor prendido
[2021-01-07T20:29:57.791Z] info servidor prendido
[2021-01-07T20:31:07.396Z] info servidor prendido
[2021-01-07T20:40:33.397Z] info servidor prendido
[2021-01-07T20:40:41.195Z] info servidor prendido
[2021-01-07T20:41:19.036Z] info servidor prendido
[2021-01-07T20:41:28.321Z] info servidor prendido
[2021-01-07T20:41:35.976Z] info la cedula original es VexD93KPtkdiMdiBwrjgesdCr8awZLmCSsadg/GZF46AmHCQi/UHvV/vwLSAKxLuFxfs6n+XnmbPYu99E/Vy/Eg/yHp/4qP0jAn/mJa0H1LY80Rs7IfpnkPtO9mkRpS1fo2+hKe9Ze3ey3S3leVBe0+RpGdOrxiOJ9c3b9vsynE=
[2021-01-07T20:41:48.448Z] info la cedula original es OkJAABeZo/Jvz6zTEINnRVJtA5GmLb6N72GyxuqCv/b+XiZzAKNBLpOfILIoY0jWCenJTu+JF3f9+LCIlX7N+0dZo2nxIZ1oLNH6HMloCV1oCX4BjuchW7uia2wsDot33Tod4bQJOG9fXUtjuCZN7U1HBBZCr8H/3VAQ06tdTP4=
[2021-01-07T20:42:18.291Z] info servidor prendido
[2021-01-07T20:42:19.387Z] info la cedula original es 123123123
[2021-01-07T20:42:19.394Z] info la cedula original es PnUSLt+idlYOYkC5nhJYdzup0yL+n2+3O5uPZJjW9OVrle0SLQ0smEiepq4ItB+B/msgUGLZBIPWQ5NUMOwWoyYx4NHolyCapi/KswxeA9eS2MI8nIp7d1Yla1gXmy11kTFiQ/6EsaNxyCHorhMN5+uG2r/FEzYtXK6CqRWJJhY=
[2021-01-07T20:42:31.387Z] info la cedula original es 123123123
[2021-01-07T20:42:31.393Z] info la cedula original es WuKPzA264uN+hTIxMJr8KPJ5Vhw0WqmQjV1tG5azMbLnQK8L9/gMOrfKUyufJiGZNhyjiLTLl9RY7jrIKgjCVNmMbptBimwOvbCqio1UBqtTX9hBumrN+8bouGbl3i4IAo8rfkVGaSwRFmGoZJlYpaegkbKG3oCOWhgdP/OOeeE=
[2021-01-07T20:43:05.184Z] info servidor prendido
[2021-01-07T20:43:08.054Z] info la cedula original es 123123123
[2021-01-07T20:43:40.321Z] info servidor prendido
[2021-01-07T20:43:42.147Z] info la cedula original es 123123123
[2021-01-07T20:44:05.078Z] info servidor prendido
[2021-01-07T20:44:09.951Z] info la cedula original es 123123123
[2021-01-07T20:45:04.928Z] info la cedula original es 123123123
[2021-01-07T20:46:15.038Z] info servidor prendido
[2021-01-07T20:46:51.737Z] info servidor prendido
[2021-01-07T20:46:53.302Z] info la cedula original es 213123
[2021-01-07T20:48:40.006Z] info servidor prendido
[2021-01-07T20:48:57.251Z] info servidor prendido
[2021-01-07T20:48:59.863Z] info la cedula original es 213123
[2021-01-07T20:49:09.125Z] info la cedula original es 21312389
[2021-01-07T20:49:29.937Z] info la cedula original es 21312389
[2021-01-07T20:49:29.954Z] info la cedula original es 21312389
[2021-01-07T20:49:49.267Z] info la cedula original es 21312389
[2021-01-07T20:49:49.276Z] info la cedula original es 21312389
[2021-01-07T20:49:52.607Z] info servidor prendido
[2021-01-07T20:50:29.210Z] info servidor prendido
[2021-01-07T20:50:39.898Z] info la cedula original es 21312389123
[2021-01-07T20:50:43.824Z] info la cedula original es 21312389123
[2021-01-07T20:50:43.836Z] info la cedula original es 21312389123
[2021-01-07T20:51:02.995Z] info la cedula original es 21312389123
[2021-01-07T20:51:03.008Z] info la cedula original es 21312389123
[2021-01-07T20:51:11.738Z] info la cedula original es 21312389123
[2021-01-07T20:51:29.289Z] info la cedula original es sadfsadfasd
[2021-01-07T20:52:26.204Z] info servidor prendido
[2021-01-07T20:57:20.202Z] info la cedula original es 312312
[2021-01-07T21:47:27.186Z] info servidor prendido
[2021-01-07T21:49:54.138Z] info la cedula original es 123123
